[2m2026-04-17T14:25:09.546977Z[0m [32m INFO[0m [2mbearwisdom::db[0m[2m:[0m sqlite3_vec_init returned rc=0
[2m2026-04-17T14:25:09.547469Z[0m [32m INFO[0m [2mbearwisdom::db[0m[2m:[0m sqlite-vec v0.1.7 loaded successfully
Running full index for F:/Work/Projects/TestProjects/ts-rallly ...
[2m2026-04-17T14:25:09.560072Z[0m [32m INFO[0m [2mbearwisdom::indexer::full[0m[2m:[0m Starting full index of F:/Work/Projects/TestProjects/ts-rallly
[2m2026-04-17T14:25:09.708440Z[0m [32m INFO[0m [2mbearwisdom::indexer::changeset[0m[2m:[0m FullScan: 1162 files
[2m2026-04-17T14:25:09.819547Z[0m [32m INFO[0m [2mbearwisdom::indexer::full[0m[2m:[0m Found 1162 source files
[2m2026-04-17T14:25:10.199998Z[0m [32m INFO[0m [2mbearwisdom::indexer::full[0m[2m:[0m Parsed 1162 files (18 with syntax errors)
[2m2026-04-17T14:25:10.200616Z[0m [32m INFO[0m [2mbearwisdom::indexer::full[0m[2m:[0m Language audit: 13 distinct languages (13 host + embedded)
[2m2026-04-17T14:25:10.200634Z[0m [32m INFO[0m [2mbearwisdom::indexer::full[0m[2m:[0m   css: 4 files, 0 host symbols
[2m2026-04-17T14:25:10.200645Z[0m [32m INFO[0m [2mbearwisdom::indexer::full[0m[2m:[0m   dockerfile: 1 files, 14 host symbols
[2m2026-04-17T14:25:10.200653Z[0m [32m INFO[0m [2mbearwisdom::indexer::full[0m[2m:[0m   javascript: 7 files, 9 host symbols
[2m2026-04-17T14:25:10.200661Z[0m [32m INFO[0m [2mbearwisdom::indexer::full[0m[2m:[0m   json: 230 files, 0 host symbols
[2m2026-04-17T14:25:10.200668Z[0m [32m INFO[0m [2mbearwisdom::indexer::full[0m[2m:[0m   markdown: 19 files, 133 host symbols
[2m2026-04-17T14:25:10.200675Z[0m [32m INFO[0m [2mbearwisdom::indexer::full[0m[2m:[0m   mdx: 26 files, 153 host symbols
[2m2026-04-17T14:25:10.200683Z[0m [32m INFO[0m [2mbearwisdom::indexer::full[0m[2m:[0m   prisma: 10 files, 425 host symbols
[2m2026-04-17T14:25:10.200690Z[0m [32m INFO[0m [2mbearwisdom::indexer::full[0m[2m:[0m   shell: 2 files, 18 host symbols
[2m2026-04-17T14:25:10.200697Z[0m [32m INFO[0m [2mbearwisdom::indexer::full[0m[2m:[0m   sql: 114 files, 468 host symbols
[2m2026-04-17T14:25:10.200704Z[0m [32m INFO[0m [2mbearwisdom::indexer::full[0m[2m:[0m   toml: 1 files, 0 host symbols
[2m2026-04-17T14:25:10.200712Z[0m [32m INFO[0m [2mbearwisdom::indexer::full[0m[2m:[0m   typescript: 680 files, 6495 host symbols
[2m2026-04-17T14:25:10.200719Z[0m [32m INFO[0m [2mbearwisdom::indexer::full[0m[2m:[0m   xml: 63 files, 0 host symbols
[2m2026-04-17T14:25:10.200727Z[0m [32m INFO[0m [2mbearwisdom::indexer::full[0m[2m:[0m   yaml: 5 files, 21 host symbols
[2m2026-04-17T14:25:10.200868Z[0m [32m INFO[0m [2mbearwisdom::indexer::full[0m[2m:[0m   typescript (embedded): 3 symbols
[2m2026-04-17T14:25:10.200876Z[0m [32m INFO[0m [2mbearwisdom::indexer::full[0m[2m:[0m   yaml (embedded): 154 symbols
[2m2026-04-17T14:25:10.204366Z[0m [32m INFO[0m [2mbearwisdom::indexer::full[0m[2m:[0m Monorepo detected (pnpm-workspace) — 16 packages
[2m2026-04-17T14:25:10.205723Z[0m [32m INFO[0m [2mbearwisdom::indexer::full[0m[2m:[0m Detected 16 workspace packages
[2m2026-04-17T14:25:10.290957Z[0m [32m INFO[0m [2mbearwisdom::indexer::full[0m[2m:[0m Marked 1 package(s) as services (Dockerfile detected)
[2m2026-04-17T14:25:10.428394Z[0m [32m INFO[0m [2mbearwisdom::indexer::full[0m[2m:[0m Wrote 7085 symbols across 1162 files
[2m2026-04-17T14:25:11.143834Z[0m [32m INFO[0m [2mbearwisdom::indexer::project_context[0m[2m:[0m ProjectContext: 1 manifests, 230 total dependencies (union)
[2m2026-04-17T14:25:11.143877Z[0m [32m INFO[0m [2mbearwisdom::indexer::project_context[0m[2m:[0m ProjectContext: per-package contexts for 16/16 workspace packages, 16 declared names indexed
[2m2026-04-17T14:25:11.147094Z[0m [32m INFO[0m [2mbearwisdom::indexer::project_context[0m[2m:[0m ProjectContext: 19 active ecosystems (maven, npm, hex, cargo, pypi, go-mod, spm, nuget, pub, rubygems, cran, composer, cabal, nimble, cpan, opam, luarocks, zig-pkg, ts-lib-dom)
[2m2026-04-17T14:25:11.207816Z[0m [32m INFO[0m [2mbearwisdom::indexer::full[0m[2m:[0m Wrote 897 package_deps rows across 16 packages
[2m2026-04-17T14:25:11.434986Z[0m [32m INFO[0m [2mbearwisdom::indexer::full[0m[2m:[0m External discovery: 20 unique roots across 219 package declarations
[2m2026-04-17T14:25:12.197213Z[0m [32m INFO[0m [2mbearwisdom::indexer::full[0m[2m:[0m Parsed 501 external files from dependency sources
[2m2026-04-17T14:25:14.374647Z[0m [32m INFO[0m [2mbearwisdom::indexer::full[0m[2m:[0m Wrote 58160 external symbols
[2m2026-04-17T14:25:14.540943Z[0m [32m INFO[0m [2mbearwisdom::indexer::resolve::engine[0m[2m:[0m SymbolIndex: base maps built in 0.13s (3675 by_name, 52079 by_qname, 6128 members_by_parent, 4607 types_by_name)
[2m2026-04-17T14:25:14.572737Z[0m [32m INFO[0m [2mbearwisdom::indexer::resolve::engine[0m[2m:[0m SymbolIndex: type_info pass built in 0.03s (15650 field_type, 8974 return_type, 5125 generic_params)
[2m2026-04-17T14:25:25.387160Z[0m [32m INFO[0m [2mbearwisdom::indexer::resolve::engine[0m[2m:[0m SymbolIndex: merge+reexports+modules+etc in 10.81s (total build 10.98s)
[2m2026-04-17T14:25:25.387238Z[0m [32m INFO[0m [2mbearwisdom::indexer::resolve[0m[2m:[0m resolve: SymbolIndex::build_with_context took 10.98s
[2m2026-04-17T14:25:25.400670Z[0m [32m INFO[0m [2mbearwisdom::indexer::resolve[0m[2m:[0m resolve: indexes built, starting per-file ref loop
[2m2026-04-17T14:25:25.826329Z[0m [32m INFO[0m [2mbearwisdom::indexer::resolve[0m[2m:[0m resolve: 31408 refs in 0.43s — engine=0.03s infer_ext=0.01s classify=0.00s heuristic=0.18s
[2m2026-04-17T14:25:26.219475Z[0m [32m INFO[0m [2mbearwisdom::indexer::resolve[0m[2m:[0m Resolution: 11752 by engine, 1003 by heuristic, 17288 external, 1634 unresolved
[2m2026-04-17T14:25:26.326139Z[0m [32m INFO[0m [2mbearwisdom::indexer::full[0m[2m:[0m Wrote 12755 edges, 17288 external, 1634 unresolved references
[2m2026-04-17T14:25:26.859962Z[0m [32m INFO[0m [2mbearwisdom::indexer::full[0m[2m:[0m Indexed 1162 files for FTS5 content search
[2m2026-04-17T14:25:26.978905Z[0m [32m INFO[0m [2mbearwisdom::indexer::full[0m[2m:[0m Created 18135 code chunks
[2m2026-04-17T14:25:26.979227Z[0m [32m INFO[0m [2mbearwisdom::connectors::registry[0m[2m:[0m csharp_grpc_stops: 0 connection points
[2m2026-04-17T14:25:26.980602Z[0m [32m INFO[0m [2mbearwisdom::connectors::registry[0m[2m:[0m csharp_rest: 0 connection points
[2m2026-04-17T14:25:26.981088Z[0m [32m INFO[0m [2mbearwisdom::connectors::registry[0m[2m:[0m dart_rest: 0 connection points
[2m2026-04-17T14:25:26.981562Z[0m [32m INFO[0m [2mbearwisdom::connectors::registry[0m[2m:[0m phoenix_routes: 0 connection points
[2m2026-04-17T14:25:26.981799Z[0m [32m INFO[0m [2mbearwisdom::connectors::registry[0m[2m:[0m go_rest: 0 connection points
[2m2026-04-17T14:25:26.982686Z[0m [32m INFO[0m [2mbearwisdom::connectors::registry[0m[2m:[0m graphql_schema_starts: 0 connection points
[2m2026-04-17T14:25:26.983539Z[0m [32m INFO[0m [2mbearwisdom::connectors::registry[0m[2m:[0m spring_routes: 0 connection points
[2m2026-04-17T14:25:26.983611Z[0m [32m INFO[0m [2mbearwisdom::connectors::registry[0m[2m:[0m spring_di: 0 connection points
[2m2026-04-17T14:25:26.983829Z[0m [32m INFO[0m [2mbearwisdom::connectors::registry[0m[2m:[0m java_rest: 0 connection points
[2m2026-04-17T14:25:26.983880Z[0m [32m INFO[0m [2mbearwisdom::connectors::registry[0m[2m:[0m java_grpc_stops: 0 connection points
[2m2026-04-17T14:25:26.983919Z[0m [32m INFO[0m [2mbearwisdom::connectors::registry[0m[2m:[0m kotlin_grpc_stops: 0 connection points
[2m2026-04-17T14:25:26.984224Z[0m [32m INFO[0m [2mbearwisdom::connectors::registry[0m[2m:[0m kotlin_rest: 0 connection points
[2m2026-04-17T14:25:26.985087Z[0m [32m INFO[0m [2mbearwisdom::connectors::registry[0m[2m:[0m php_rest: 0 connection points
[2m2026-04-17T14:25:26.986654Z[0m [32m INFO[0m [2mbearwisdom::connectors::registry[0m[2m:[0m proto_grpc_starts: 0 connection points
[2m2026-04-17T14:25:26.986967Z[0m [32m INFO[0m [2mbearwisdom::connectors::registry[0m[2m:[0m python_rest: 0 connection points
[2m2026-04-17T14:25:26.987173Z[0m [32m INFO[0m [2mbearwisdom::connectors::registry[0m[2m:[0m ruby_rest: 0 connection points
[2m2026-04-17T14:25:26.987916Z[0m [32m INFO[0m [2mbearwisdom::connectors::registry[0m[2m:[0m rust_rest: 0 connection points
[2m2026-04-17T14:25:26.988237Z[0m [32m INFO[0m [2mbearwisdom::connectors::registry[0m[2m:[0m swift_rest: 0 connection points
[2m2026-04-17T14:25:26.991270Z[0m [32m INFO[0m [2mbearwisdom::connectors::registry[0m[2m:[0m nextjs_routes: 17 connection points
[2m2026-04-17T14:25:27.060768Z[0m [32m INFO[0m [2mbearwisdom::connectors::registry[0m[2m:[0m typescript_rest: 4 connection points
[2m2026-04-17T14:25:27.062352Z[0m [32m INFO[0m [2mbearwisdom::connectors::registry[0m[2m:[0m groovy_spring_routes: 0 connection points
[2m2026-04-17T14:25:27.065051Z[0m [32m INFO[0m [2mbearwisdom::connectors::registry[0m[2m:[0m rest: 4 starts × 17 stops → 0 edges
[2m2026-04-17T14:25:27.065240Z[0m [32m INFO[0m [2mbearwisdom::connectors::registry[0m[2m:[0m Populated 17 legacy routes from REST stops
[2m2026-04-17T14:25:27.065257Z[0m [32m INFO[0m [2mbearwisdom::indexer::full[0m[2m:[0m Connectors: 0 flow edges in 0.09s
[2m2026-04-17T14:25:27.248966Z[0m [32m INFO[0m [2mbearwisdom::indexer::full[0m[2m:[0m Full index complete in 17.69s: 1162 files, 7893 symbols, 10693 edges, 17 routes, 0 db_mappings, 16 packages
Done in 17.78s (full mode): 1162 files, 7893 symbols, 10693 edges, 17 routes, 0 flow_edges
